 2023-02-13 00:33:27,678 - delete.go - [line:21] - [31mERROR [0m msg ▶ Error get detail post
 2023-02-13 00:34:43,678 - delete.go - [line:23] - [31mERROR [0m msg ▶ Error get detail post
 2023-02-13 00:35:35,678 - delete.go - [line:23] - [31mERROR [0m msg ▶ Error get detail post
 2023-02-13 00:36:20,678 - delete.go - [line:21] - [31mERROR [0m msg ▶ Error get detail post
 2023-02-15 11:13:57,678 - create.go - [line:20] - [31mERROR [0m msg ▶ Error create comment
 2023-02-17 02:45:16,678 - create.go - [line:20] - [31mERROR [0m msg ▶ Error Like Post
 2023-02-17 03:02:03,678 - email_verifycation.go - [line:19] - [31mERROR [0m msg ▶ 535 5.7.8 Username and Password not accepted. Learn more at
5.7.8  https://support.google.com/mail/?p=BadCredentials h2-20020a170902f7c200b00186b69157ecsm1968454plw.202 - gsmtp
 2023-02-17 03:02:03,678 - create.go - [line:39] - [31mERROR [0m msg ▶ Failed Create User 535 5.7.8 Username and Password not accepted. Learn more at
5.7.8  https://support.google.com/mail/?p=BadCredentials h2-20020a170902f7c200b00186b69157ecsm1968454plw.202 - gsmtp
 2023-02-17 11:18:11,678 - update.go - [line:23] - [31mERROR [0m msg ▶ Error get detail post
 2023-02-17 14:17:48,678 - delete.go - [line:21] - [31mERROR [0m msg ▶ Error get detail comment
 2023-02-17 14:32:16,678 - delete.go - [line:21] - [31mERROR [0m msg ▶ Error get detail comment
 2023-02-17 15:12:59,678 - sendMailCommentAndLikePost.go - [line:170] - [31mERROR [0m msg ▶ Erro send Emailgomail: could not send email 1: gomail: invalid message, "From" field is absent
 2023-02-17 16:45:04,678 - answer.go - [line:30] - [31mERROR [0m msg ▶ Error create comment
 2023-02-17 17:06:56,678 - list.go - [line:15] - [31mERROR [0m msg ▶ Error get post list
 2023-02-17 17:07:04,678 - list.go - [line:15] - [31mERROR [0m msg ▶ Error get post list
 2023-02-17 17:09:54,678 - list.go - [line:15] - [31mERROR [0m msg ▶ Error get post list
 2023-02-17 17:09:55,678 - list.go - [line:15] - [31mERROR [0m msg ▶ Error get post list
 2023-02-17 17:09:56,678 - list.go - [line:15] - [31mERROR [0m msg ▶ Error get post list
 2023-02-17 17:11:41,678 - list.go - [line:15] - [31mERROR [0m msg ▶ Error get post list
 2023-02-17 17:11:41,678 - list.go - [line:15] - [31mERROR [0m msg ▶ Error get post list
 2023-02-17 17:13:43,678 - list.go - [line:15] - [31mERROR [0m msg ▶ Error get post list
 2023-02-17 17:14:10,678 - list.go - [line:15] - [31mERROR [0m msg ▶ Error get post list
 2023-02-17 17:14:24,678 - list.go - [line:15] - [31mERROR [0m msg ▶ Error get post list
 2023-02-17 17:14:39,678 - list.go - [line:15] - [31mERROR [0m msg ▶ Error get post list
 2023-02-17 17:14:53,678 - list.go - [line:15] - [31mERROR [0m msg ▶ Error get post list
 2023-02-17 17:15:12,678 - list.go - [line:15] - [31mERROR [0m msg ▶ Error get post list
 2023-02-17 17:15:13,678 - list.go - [line:15] - [31mERROR [0m msg ▶ Error get post list
 2023-02-17 17:15:16,678 - list.go - [line:15] - [31mERROR [0m msg ▶ Error get post list
 2023-02-17 17:15:19,678 - list.go - [line:15] - [31mERROR [0m msg ▶ Error get post list
 2023-02-17 17:15:22,678 - list.go - [line:15] - [31mERROR [0m msg ▶ Error get post list
